0 info it worked if it ends with ok
1 verbose cli [ 'node', '/usr/local/bin/npm', 'version', '0.4.21' ]
2 info using npm@1.1.33
3 info using node@v0.8.1
4 verbose config file /Users/qipbbn/.npmrc
5 verbose config file /usr/local/etc/npmrc
6 verbose config file /usr/local/lib/node_modules/npm/npmrc
7 silly exec git "status" "--porcelain"
8 silly git,status,--porcelain, spawning
9 error Error: Git working directory not clean.
9 error M lib/plugins/lesscss.js
9 error  M lib/plugins/module-compiler.js
9 error  M package.json
9 error  M server/public/assets/fbapp/1.0/page/index.js
9 error  M server/public/assets/fbapp/1.0/page/mods/group-select.js
9 error  M server/public/assets/fbapp/20120722/build.json
9 error  M server/public/assets/fbapp/20120722/page/index-min.js
9 error  M server/public/assets/fbapp/20120722/page/index.js
9 error  M server/public/assets/fbindex/1.0/page/index.js
9 error  M server/public/assets/fbindex/1.0/page/template/app-history-tpl.html
9 error  M server/public/assets/fbindex/1.0/page/template/app-history-tpl.js
9 error  M server/public/assets/fbindex/20120722/build.json
9 error  M server/public/assets/fbindex/20120722/page/index-min.js
9 error  M server/public/assets/fbindex/20120722/page/index.js
9 error  M server/public/assets/fbpage/1.0/page/index.js
9 error  M server/public/assets/fbpage/20120722/build.json
9 error  M server/public/assets/fbpage/20120722/page/index-min.js
9 error  M server/public/assets/fbpage/20120722/page/index.js
9 error AM server/public/assets/utils/analytics.js
9 error  M server/public/assets/utils/build-common.js
9 error  M server/views/layout.jade
9 error     at /usr/local/lib/node_modules/npm/lib/version.js:56:33
9 error     at ChildProcess.<anonymous> (/usr/local/lib/node_modules/npm/lib/utils/exec.js:61:5)
9 error     at ChildProcess.EventEmitter.emit (events.js:91:17)
9 error     at Process._handle.onexit (child_process.js:674:10)
9 error  [Error: Git working directory not clean.
9 error M lib/plugins/lesscss.js
9 error  M lib/plugins/module-compiler.js
9 error  M package.json
9 error  M server/public/assets/fbapp/1.0/page/index.js
9 error  M server/public/assets/fbapp/1.0/page/mods/group-select.js
9 error  M server/public/assets/fbapp/20120722/build.json
9 error  M server/public/assets/fbapp/20120722/page/index-min.js
9 error  M server/public/assets/fbapp/20120722/page/index.js
9 error  M server/public/assets/fbindex/1.0/page/index.js
9 error  M server/public/assets/fbindex/1.0/page/template/app-history-tpl.html
9 error  M server/public/assets/fbindex/1.0/page/template/app-history-tpl.js
9 error  M server/public/assets/fbindex/20120722/build.json
9 error  M server/public/assets/fbindex/20120722/page/index-min.js
9 error  M server/public/assets/fbindex/20120722/page/index.js
9 error  M server/public/assets/fbpage/1.0/page/index.js
9 error  M server/public/assets/fbpage/20120722/build.json
9 error  M server/public/assets/fbpage/20120722/page/index-min.js
9 error  M server/public/assets/fbpage/20120722/page/index.js
9 error AM server/public/assets/utils/analytics.js
9 error  M server/public/assets/utils/build-common.js
9 error  M server/views/layout.jade]
10 error You may report this log at:
10 error     <http://github.com/isaacs/npm/issues>
10 error or email it to:
10 error     <npm-@googlegroups.com>
11 error System Darwin 12.2.0
12 error command "node" "/usr/local/bin/npm" "version" "0.4.21"
13 error cwd /Users/qipbbn/lab/front-build
14 error node -v v0.8.1
15 error npm -v 1.1.33
16 error message Git working directory not clean.
16 error message M lib/plugins/lesscss.js
16 error message  M lib/plugins/module-compiler.js
16 error message  M package.json
16 error message  M server/public/assets/fbapp/1.0/page/index.js
16 error message  M server/public/assets/fbapp/1.0/page/mods/group-select.js
16 error message  M server/public/assets/fbapp/20120722/build.json
16 error message  M server/public/assets/fbapp/20120722/page/index-min.js
16 error message  M server/public/assets/fbapp/20120722/page/index.js
16 error message  M server/public/assets/fbindex/1.0/page/index.js
16 error message  M server/public/assets/fbindex/1.0/page/template/app-history-tpl.html
16 error message  M server/public/assets/fbindex/1.0/page/template/app-history-tpl.js
16 error message  M server/public/assets/fbindex/20120722/build.json
16 error message  M server/public/assets/fbindex/20120722/page/index-min.js
16 error message  M server/public/assets/fbindex/20120722/page/index.js
16 error message  M server/public/assets/fbpage/1.0/page/index.js
16 error message  M server/public/assets/fbpage/20120722/build.json
16 error message  M server/public/assets/fbpage/20120722/page/index-min.js
16 error message  M server/public/assets/fbpage/20120722/page/index.js
16 error message AM server/public/assets/utils/analytics.js
16 error message  M server/public/assets/utils/build-common.js
16 error message  M server/views/layout.jade
17 verbose exit [ 1, true ]
